<?xml version="1.0" encoding="UTF-8"?>
<!-- Generated by org.testng.reporters.JUnitXMLReporter -->
<testsuite hostname="LAPTOP-I3ABMITL" ignored="0" name="Default test" tests="2" failures="0" timestamp="2022-03-26T13:41:55 CET" time="1.794" errors="0">
  <testcase name="deleteRequestExample" time="1.543" classname="com.krish.rest_rest_assured_training.SamplePutRequest"/>
  <testcase name="putRequestExample" time="0.214" classname="com.krish.rest_rest_assured_training.SamplePutRequest"/>
</testsuite> <!-- Default test -->
