<?xml version="1.0" encoding="UTF-8"?>
<!-- Generated by org.testng.reporters.JUnitXMLReporter -->
<testsuite hostname="LAPTOP-I3ABMITL" ignored="0" name="Default test" tests="2" failures="0" timestamp="2022-03-26T10:06:55 CET" time="1.834" errors="0">
  <testcase name="getRequestExample1" time="1.554" classname="com.krish.rest_rest_assured_training.SampleGetRequest_02"/>
  <testcase name="getRequestExample2" time="0.242" classname="com.krish.rest_rest_assured_training.SampleGetRequest_02"/>
</testsuite> <!-- Default test -->
