<?xml version="1.0" encoding="UTF-8"?>
<testng-results skipped="0" failed="0" ignored="0" total="2" passed="2">
  <reporter-output>
  </reporter-output>
  <suite name="Default suite" duration-ms="1794" started-at="2022-03-26T13:41:53 CET" finished-at="2022-03-26T13:41:55 CET">
    <groups>
    </groups>
    <test name="Default test" duration-ms="1794" started-at="2022-03-26T13:41:53 CET" finished-at="2022-03-26T13:41:55 CET">
      <class name="com.krish.rest_rest_assured_training.SamplePutRequest">
        <test-method status="PASS" signature="deleteRequestExample()[pri:0, instance:com.krish.rest_rest_assured_training.SamplePutRequest@4e7dc304]" name="deleteRequestExample" duration-ms="1543" started-at="2022-03-26T13:41:53 CET" finished-at="2022-03-26T13:41:54 CET">
          <reporter-output>
          </reporter-output>
        </test-method> <!-- deleteRequestExample -->
        <test-method status="PASS" signature="putRequestExample()[pri:0, instance:com.krish.rest_rest_assured_training.SamplePutRequest@4e7dc304]" name="putRequestExample" duration-ms="214" started-at="2022-03-26T13:41:54 CET" finished-at="2022-03-26T13:41:55 CET">
          <reporter-output>
          </reporter-output>
        </test-method> <!-- putRequestExample -->
      </class> <!-- com.krish.rest_rest_assured_training.SamplePutRequest -->
    </test> <!-- Default test -->
  </suite> <!-- Default suite -->
</testng-results>
